#Id Teff err [Fe/H] err Mv err age/Gyr err mass/Msun err logg err R/Rsun err B-V/mag err 
hd1100 4806 44 -0.05 0.03 2.024 0.280 4.872 1.598 1.255 0.120 3.033 0.089 5.470 0.667 1.026 0.016 
hd1293 5110 28 -0.45 0.01 2.376 0.361 4.577 1.371 1.172 0.103 3.314 0.092 3.824 0.537 0.900 0.009 
hd1384 4935 62 0.37 0.03 2.949 0.265 3.622 0.808 1.430 0.108 3.520 0.094 3.335 0.443 1.007 0.030 
hd1502 5007 40 0.02 0.03 2.339 0.259 2.733 0.558 1.518 0.109 3.352 0.085 4.165 0.515 0.953 0.016 
hd2946 5437 20 -0.23 0.01 2.429 0.275 2.802 0.626 1.421 0.114 3.576 0.095 3.104 0.466 0.799 0.006 
hd3458 5199 22 -0.01 0.01 0.996 0.492 1.084 0.382 2.069 0.252 3.167 0.150 6.018 1.409 0.876 0.007 
hd4313 4925 33 0.09 0.02 2.146 0.226 2.527 0.524 1.580 0.111 3.232 0.072 4.883 0.527 0.986 0.014 
hd4395 5575 18 -0.14 0.01 2.807 0.140 3.478 0.528 1.333 0.048 3.703 0.048 2.589 0.180 0.759 0.005 
hd4917 4769 50 0.12 0.02 2.409 0.245 5.459 1.614 1.245 0.106 3.145 0.089 4.790 0.538 1.054 0.019 
hd5891 4832 26 -0.30 0.02 1.120 0.660 5.692 2.605 1.152 0.158 2.509 0.183 9.587 2.053 1.002 0.009 
hd6019 5055 11 -0.49 0.01 2.096 0.244 4.675 1.163 1.159 0.085 3.132 0.062 4.690 0.490 0.915 0.004 
hd6030 4936 28 -0.02 0.01 2.653 0.246 4.082 0.829 1.324 0.082 3.372 0.074 3.805 0.400 0.977 0.011 
hd6628 5109 129 -0.27 0.09 2.513 0.187 4.890 1.873 1.185 0.134 3.282 0.111 3.993 0.423 0.934 0.032 
hd7530 5051 18 -0.28 0.01 2.340 0.449 4.232 1.292 1.237 0.115 3.370 0.108 3.686 0.616 0.923 0.006 
hd7931 4827 50 0.10 0.02 2.458 0.205 4.701 1.188 1.294 0.097 3.206 0.080 4.553 0.443 1.033 0.017 
hd7980 4724 47 0.10 0.03 2.018 0.196 4.779 1.336 1.293 0.108 2.973 0.077 5.953 0.563 1.072 0.020 
hd8375 5244 22 -0.03 0.01 2.520 0.048 2.389 0.088 1.581 0.021 3.494 0.018 3.619 0.096 0.863 0.007 
hd8407 5013 29 -0.24 0.02 2.847 0.196 5.322 1.212 1.167 0.075 3.396 0.065 3.473 0.309 0.938 0.010 
hd8508 4819 33 -0.28 0.02 1.617 0.255 5.207 1.780 1.175 0.117 2.828 0.085 6.706 0.808 1.009 0.012 
hd9156 5049 26 -0.07 0.03 1.455 0.512 1.204 0.477 2.007 0.289 2.944 0.208 7.661 2.357 0.937 0.009 
hd9218 4807 36 -0.15 0.02 2.099 0.209 6.132 1.836 1.153 0.098 2.992 0.070 5.497 0.525 1.019 0.014 
hd9313 4928 33 -0.02 0.02 2.595 0.178 3.963 0.736 1.334 0.076 3.324 0.063 4.036 0.329 0.982 0.012 
hd9554 4899 31 -0.32 0.03 2.009 0.315 6.022 2.114 1.117 0.113 3.011 0.086 5.292 0.695 0.977 0.011 
hd9625 4974 33 0.01 0.02 0.867 0.742 1.037 0.332 2.177 0.242 2.811 0.117 9.303 1.716 0.968 0.007 
hd10011 5117 20 -0.09 0.01 2.423 0.246 2.502 0.431 1.530 0.090 3.422 0.078 3.858 0.460 0.905 0.007 
hd10212 4959 15 -0.12 0.01 2.568 0.248 4.228 0.755 1.280 0.070 3.346 0.065 3.856 0.373 0.962 0.006 
hd10245 4700 94 0.20 0.06 2.403 0.352 6.316 2.238 1.210 0.124 3.095 0.148 5.004 0.871 1.088 0.033 
hd10383 4871 57 0.24 0.03 2.126 0.311 2.833 0.976 1.557 0.175 3.221 0.116 4.908 0.827 1.027 0.025 
hd10479 4960 33 -0.28 0.02 1.542 0.641 3.624 2.067 1.321 0.249 3.018 0.251 5.714 2.147 0.956 0.012 
hd10823 5164 15 -0.14 0.01 2.495 0.218 2.610 0.418 1.493 0.085 3.458 0.071 3.657 0.398 0.888 0.005 
hd10909 4865 36 -0.40 0.02 2.448 0.255 9.670 1.645 0.964 0.047 3.005 0.081 4.953 0.501 0.977 0.012 
hd11288 5238 20 0.06 0.02 2.177 0.484 2.718 1.171 1.526 0.216 3.565 0.159 3.268 0.828 0.868 0.007 
hd11970 5128 18 -0.27 0.01 2.668 0.270 3.651 0.679 1.287 0.076 3.498 0.068 3.245 0.343 0.898 0.006 
hd12137 4993 25 0.06 0.01 1.982 0.217 1.899 0.336 1.729 0.103 3.237 0.065 5.079 0.512 0.954 0.010 
hd12164 5467 20 -0.09 0.01 2.406 0.255 2.676 0.501 1.488 0.101 3.575 0.084 3.182 0.423 0.792 0.006 
hd13167 5715 36 0.22 0.02 2.985 0.307 4.595 2.310 1.276 0.091 3.917 0.084 1.995 0.252 0.726 0.012 
hd14787 4994 20 -0.06 0.01 2.212 0.294 2.845 0.627 1.472 0.115 3.321 0.103 4.251 0.659 0.950 0.008 
hd15336 5102 22 -0.19 0.03 2.451 0.613 4.357 1.782 1.247 0.157 3.554 0.143 2.995 0.671 0.909 0.007 
hd15391 4985 33 -0.38 0.02 1.463 0.570 3.704 1.915 1.283 0.214 2.951 0.240 6.083 2.104 0.944 0.012 
hd15928 5375 29 -0.23 0.02 2.789 0.180 3.285 0.464 1.338 0.069 3.642 0.059 2.806 0.256 0.818 0.009 
hd16175 5958 25 0.32 0.02 3.479 0.084 3.164 0.792 1.328 0.025 4.089 0.029 1.670 0.070 0.666 0.007 
hd16178 4973 38 -0.07 0.02 1.617 0.367 1.407 0.390 1.917 0.194 2.902 0.119 7.864 1.424 0.957 0.010 
hd16984 4901 29 -0.16 0.02 2.625 0.255 6.397 1.769 1.133 0.088 3.248 0.080 4.057 0.460 0.983 0.011 
hd17311 5035 29 -0.08 0.01 2.368 0.224 2.780 0.465 1.480 0.088 3.352 0.077 4.111 0.467 0.936 0.011 
hd17620 5205 25 -0.17 0.01 1.631 0.407 1.630 0.495 1.741 0.182 3.289 0.120 4.797 0.916 0.873 0.008 
hd18015 5623 20 -0.13 0.02 2.519 0.206 3.073 0.593 1.401 0.074 3.642 0.072 2.857 0.313 0.745 0.006 
hd18645 5496 35 0.04 0.03 2.572 0.206 2.970 0.567 1.473 0.073 3.632 0.067 2.972 0.304 0.785 0.011 
hd18667 4898 33 -0.10 0.03 2.807 0.419 6.613 2.137 1.135 0.103 3.344 0.115 3.637 0.589 0.987 0.012 
hd18742 4967 31 -0.18 0.03 2.165 0.229 3.730 0.784 1.315 0.089 3.199 0.073 4.627 0.469 0.960 0.011 
hd19522 5596 20 -0.10 0.02 2.654 0.269 3.599 1.445 1.325 0.098 3.722 0.085 2.537 0.334 0.754 0.006 
hd19659 5718 25 0.09 0.01 2.214 0.108 2.566 0.349 1.565 0.042 3.571 0.034 3.294 0.168 0.721 0.007 
hd21340 4937 15 -0.11 0.01 1.740 0.200 2.288 0.459 1.576 0.108 3.068 0.066 5.889 0.629 0.969 0.006 
hd21449 4797 38 0.05 0.03 1.271 0.254 1.726 0.349 1.824 0.134 2.738 0.102 9.257 1.047 1.023 0.017 
hd21581 4872 32 -1.59 0.02 1.745 0.538 9.437 1.939 0.857 0.052 1.940 0.068 15.903 1.430 0.970 0.013 
hd22233 5182 20 0.00 0.01 1.831 0.361 1.719 0.474 1.771 0.166 3.353 0.111 4.495 0.785 0.884 0.007 
hd22657 4827 38 -0.01 0.02 2.370 0.233 5.166 1.488 1.245 0.103 3.157 0.078 4.724 0.496 1.019 0.014 
hd22682 5079 25 -0.02 0.01 2.391 0.089 2.301 0.166 1.604 0.041 3.376 0.031 4.168 0.185 0.920 0.008 
hd22844 5284 25 0.21 0.02 3.083 0.159 3.782 0.776 1.399 0.058 3.717 0.052 2.632 0.214 0.859 0.008 
hd23134 4897 36 -0.01 0.02 2.209 0.412 4.087 1.457 1.333 0.151 3.261 0.129 4.339 0.843 0.994 0.014 
hd23825 5637 15 0.15 0.01 2.743 0.191 3.317 2.828 1.393 0.088 3.747 0.066 2.538 0.233 0.748 0.004 
hd24148 4958 29 -0.06 0.02 1.869 0.355 2.015 0.888 1.677 0.270 3.065 0.194 6.097 1.834 0.964 0.010 
hd24316 4804 22 -0.10 0.02 1.445 0.303 3.184 1.010 1.422 0.151 2.828 0.160 7.370 1.645 1.022 0.009 
hd24365 5177 18 -0.25 0.01 2.894 0.209 3.697 0.633 1.284 0.070 3.582 0.053 2.942 0.254 0.883 0.006 
hd25622 5024 18 -0.05 0.01 1.704 0.309 1.705 0.449 1.759 0.162 3.170 0.110 5.533 0.947 0.937 0.007 
hd25975 4993 32 0.09 0.02 2.849 0.033 3.250 0.152 1.450 0.029 3.466 0.028 3.570 0.100 0.960 0.013 
hd26007 4822 32 -0.27 0.03 1.794 0.409 6.255 2.453 1.119 0.127 2.860 0.157 6.307 1.290 1.008 0.012 
hd26634 4925 21 -0.25 0.01 1.935 0.269 4.124 1.059 1.261 0.097 3.071 0.068 5.252 0.572 0.970 0.008 
hd27297 5206 26 -0.03 0.02 2.614 0.378 3.385 1.054 1.395 0.143 3.632 0.109 2.893 0.509 0.877 0.009 
hd27956 4930 26 -0.15 0.02 2.274 0.283 4.372 1.058 1.264 0.092 3.218 0.079 4.439 0.512 0.973 0.010 
hd28678 5059 28 -0.17 0.02 1.669 0.458 1.349 0.519 1.904 0.269 2.941 0.187 7.495 2.119 0.927 0.007 
hd28737 4717 32 -0.23 0.02 2.058 0.415 8.093 2.596 1.052 0.095 2.762 0.098 6.839 0.956 1.047 0.013 
hd30128 4998 42 0.16 0.03 1.340 0.485 1.387 0.513 1.951 0.247 3.154 0.165 5.932 1.469 0.961 0.019 
hd30166 4756 31 -0.14 0.02 1.981 0.185 6.745 1.877 1.126 0.088 2.900 0.061 6.038 0.514 1.039 0.012 
hd30856 4951 29 -0.09 0.01 2.557 0.182 4.027 0.676 1.305 0.066 3.319 0.061 4.014 0.326 0.969 0.010 
hd30882 4803 36 -0.12 0.02 2.394 0.294 7.427 2.223 1.099 0.092 3.080 0.089 4.850 0.597 1.020 0.013 
hd31018 5907 29 0.16 0.02 2.914 0.185 3.311 0.888 1.415 0.069 3.885 0.059 2.178 0.191 0.674 0.008 
hd31451 5005 26 -0.08 0.02 2.508 0.246 3.430 0.590 1.373 0.083 3.396 0.080 3.767 0.435 0.949 0.010 
hd31543 5569 58 0.05 0.05 1.892 0.409 2.397 0.914 1.584 0.171 3.543 0.137 3.415 0.720 0.761 0.017 
hd31693 4915 33 -0.10 0.02 1.838 0.303 3.137 1.047 1.421 0.162 3.108 0.108 5.342 0.915 0.982 0.013 
hd33142 5021 33 0.05 0.02 2.462 0.197 2.590 0.379 1.556 0.078 3.383 0.063 4.069 0.374 0.945 0.013 
hd33240 4814 36 -0.13 0.03 2.275 0.348 6.756 2.273 1.126 0.107 3.069 0.097 4.975 0.693 1.016 0.013 
hd33298 5390 11 -0.20 0.01 2.852 0.830 6.005 4.308 1.072 0.162 3.890 0.259 1.887 0.689 0.816 0.004 
hd33844 4860 58 0.23 0.03 2.273 0.140 2.951 0.693 1.535 0.118 3.196 0.070 5.012 0.370 1.032 0.026 
hd34538 4927 22 -0.28 0.01 2.043 0.041 4.195 0.550 1.244 0.049 3.048 0.030 5.352 0.144 0.967 0.008 
hd34909 5014 25 -0.02 0.01 2.386 0.326 3.014 0.648 1.458 0.108 3.419 0.101 3.781 0.570 0.945 0.010 
hd37445 4919 22 -0.12 0.02 1.570 0.501 2.481 1.267 1.555 0.284 2.976 0.238 6.497 2.337 0.975 0.009 
hd37601 4954 26 0.05 0.01 2.191 0.049 2.328 0.189 1.615 0.045 3.234 0.028 4.927 0.149 0.970 0.010 
hd38505 5047 54 0.13 0.02 2.391 0.282 2.408 0.521 1.614 0.117 3.410 0.090 4.019 0.536 0.942 0.021 
hd39142 4876 36 -0.10 0.03 1.306 0.463 2.063 0.814 1.668 0.239 2.777 0.186 8.464 2.258 0.991 0.016 
hd39731 5155 29 0.01 0.02 2.564 0.495 3.832 1.580 1.352 0.169 3.653 0.128 2.782 0.580 0.896 0.010 
hd39828 4888 50 -0.03 0.03 2.172 0.357 4.287 1.435 1.306 0.134 3.200 0.114 4.604 0.724 1.000 0.018 
hd40537 5002 39 -0.13 0.01 2.879 0.110 4.425 0.758 1.257 0.061 3.427 0.051 3.480 0.198 0.950 0.013 
hd45210 5680 28 -0.08 0.01 2.134 0.230 2.489 0.430 1.528 0.086 3.548 0.072 3.347 0.358 0.728 0.008 
hd45410 5014 28 -0.08 0.02 2.129 0.057 2.299 0.205 1.580 0.050 3.230 0.030 4.891 0.162 0.942 0.010 
hd45506 5101 22 0.01 0.01 2.049 0.070 1.684 0.097 1.785 0.036 3.296 0.025 4.816 0.177 0.912 0.008 
hd47562 5033 25 -0.30 0.01 1.647 0.332 2.437 0.934 1.482 0.203 3.083 0.147 5.613 1.303 0.927 0.010 
hd48122 5131 14 -0.47 0.01 1.982 0.257 3.175 0.599 1.304 0.083 3.233 0.069 4.432 0.480 0.892 0.005 
hd50275 4977 33 0.12 0.02 2.256 0.353 2.559 0.694 1.579 0.145 3.360 0.113 4.213 0.723 0.966 0.014 
hd51272 4913 31 0.05 0.02 1.585 0.292 1.365 0.267 1.977 0.136 2.879 0.083 8.208 1.014 0.987 0.008 
hd64413 4924 22 -0.41 0.01 1.439 0.634 5.176 2.481 1.157 0.166 2.673 0.265 7.955 2.603 0.966 0.008 
hd64730 5218 50 -0.05 0.03 1.794 0.360 1.676 0.445 1.767 0.161 3.340 0.108 4.557 0.771 0.872 0.017 
hd72003 4876 25 -0.02 0.02 1.957 0.377 3.545 1.276 1.392 0.166 3.162 0.126 4.964 0.983 0.998 0.010 
hd72440 5608 15 -0.07 0.01 2.354 0.368 3.309 1.481 1.373 0.139 3.687 0.122 2.705 0.510 0.750 0.004 
hd72490 5033 32 -0.19 0.02 2.249 0.262 3.333 0.693 1.359 0.096 3.304 0.083 4.166 0.503 0.936 0.011 
hd74390 4939 33 0.15 0.02 2.119 0.307 2.322 0.588 1.639 0.138 3.275 0.094 4.733 0.682 0.983 0.014 
hd76445 4846 42 -0.15 0.02 2.897 0.135 9.118 1.705 1.031 0.053 3.269 0.062 3.778 0.259 0.998 0.013 
hd77172 4904 29 0.00 0.02 2.487 0.289 4.196 0.984 1.319 0.094 3.313 0.085 4.061 0.492 0.991 0.011 
hd77818 4833 36 -0.10 0.02 2.145 0.190 4.929 1.319 1.236 0.095 3.058 0.066 5.274 0.461 1.012 0.013 
hd80811 4944 28 -0.44 0.02 2.996 0.295 10.234 1.313 0.941 0.034 3.189 0.082 3.957 0.404 0.947 0.009 
hd82074 5162 25 -0.33 0.01 2.538 0.060 2.939 0.159 1.369 0.031 3.399 0.027 3.747 0.125 0.888 0.008 
hd82886 5103 15 -0.27 0.01 2.140 0.201 2.535 0.379 1.462 0.078 3.283 0.067 4.434 0.453 0.905 0.005 
hd83024 4831 46 0.10 0.04 2.483 0.161 4.596 1.069 1.301 0.091 3.207 0.069 4.559 0.362 1.030 0.017 
hd83394 5013 15 -0.24 0.01 2.302 0.153 3.474 0.419 1.323 0.052 3.257 0.045 4.340 0.291 0.937 0.005 
hd83752 6191 40 0.26 0.02 2.237 0.133 1.883 0.553 1.678 0.048 3.776 0.045 2.690 0.175 0.598 0.010 
hd85440 5207 18 -0.02 0.01 2.558 0.206 2.581 0.373 1.538 0.080 3.527 0.070 3.430 0.364 0.876 0.006 
hd85472 5338 18 -0.02 0.01 3.146 0.111 3.853 0.415 1.329 0.045 3.726 0.030 2.531 0.130 0.833 0.006 
hd87230 5044 32 0.10 0.02 2.347 0.171 2.186 0.296 1.659 0.075 3.373 0.054 4.255 0.344 0.938 0.011 
hd87669 4723 31 -0.11 0.02 2.236 0.304 8.351 2.235 1.068 0.080 2.920 0.080 5.748 0.647 1.051 0.013 
hd88134 4875 29 0.00 0.02 2.424 0.255 4.354 1.032 1.306 0.093 3.249 0.077 4.352 0.476 1.001 0.011 
hd88654 5265 25 0.12 0.01 2.821 0.155 3.036 0.330 1.489 0.058 3.613 0.047 3.056 0.229 0.862 0.008 
hd89391 4897 46 -0.19 0.03 2.791 0.189 7.691 2.039 1.070 0.079 3.272 0.078 3.836 0.348 0.980 0.016 
hd90043 5000 43 -0.02 0.02 2.003 0.064 2.038 0.244 1.667 0.068 3.193 0.041 5.246 0.213 0.952 0.016 
hd90792 4947 26 0.00 0.02 1.897 0.306 2.070 0.741 1.676 0.216 3.115 0.170 5.748 1.477 0.971 0.010 
hd93396 5374 28 0.29 0.02 2.992 0.189 3.702 1.985 1.396 0.076 3.737 0.064 2.564 0.239 0.832 0.009 
hd93461 5109 26 -0.04 0.02 2.681 0.273 3.102 0.612 1.433 0.102 3.547 0.094 3.232 0.458 0.910 0.009 
hd93864 5019 15 -0.20 0.01 2.829 0.177 4.482 0.709 1.234 0.057 3.423 0.050 3.462 0.261 0.936 0.005 
hd94834 4836 25 0.07 0.02 2.799 0.128 5.358 1.003 1.237 0.065 3.306 0.049 3.965 0.242 1.019 0.010 
hd95089 4937 47 0.06 0.03 2.237 0.251 3.041 0.767 1.475 0.127 3.261 0.085 4.562 0.550 0.987 0.020 
hd95526 4931 29 -0.12 0.02 2.468 0.313 4.741 1.229 1.241 0.094 3.288 0.088 4.058 0.509 0.974 0.011 
hd96063 5107 15 -0.18 0.01 2.268 0.281 2.614 0.537 1.479 0.106 3.378 0.095 3.993 0.577 0.906 0.005 
hd96683 5137 38 0.19 0.02 2.141 0.305 1.918 0.446 1.753 0.135 3.414 0.091 4.172 0.593 0.907 0.013 
hd97601 5137 36 -0.06 0.02 2.201 0.183 2.019 0.284 1.656 0.080 3.358 0.057 4.320 0.374 0.900 0.012 
hd98219 5014 30 0.05 0.02 2.401 0.195 2.503 0.370 1.574 0.079 3.361 0.061 4.197 0.380 0.947 0.011 
hd99706 4915 29 0.05 0.02 2.093 0.190 2.580 0.468 1.559 0.097 3.191 0.062 5.085 0.465 0.987 0.012 
hd100337 4990 26 -0.15 0.01 1.968 0.258 2.765 0.681 1.464 0.124 3.192 0.090 4.920 0.692 0.950 0.010 
hd102329 4759 53 0.08 0.03 1.900 0.285 4.345 1.477 1.327 0.139 2.993 0.101 5.893 0.810 1.058 0.021 
hd102444 5293 20 -0.05 0.01 2.777 0.213 3.111 0.501 1.425 0.086 3.636 0.075 2.911 0.343 0.847 0.007 
hd102956 4996 36 0.15 0.02 2.352 0.227 2.324 0.418 1.639 0.098 3.360 0.070 4.291 0.452 0.959 0.014 
hd103616 5201 31 -0.03 0.02 2.619 0.172 2.634 0.300 1.525 0.062 3.526 0.058 3.416 0.299 0.878 0.010 
hd104017 4813 40 0.21 0.02 2.652 0.206 4.689 1.010 1.318 0.089 3.291 0.074 4.165 0.399 1.045 0.015 
hd106270 5565 22 0.05 0.01 2.942 0.146 3.537 2.452 1.344 0.074 3.766 0.050 2.438 0.185 0.765 0.007 
hd106279 4933 22 -0.33 0.02 1.717 0.389 4.485 1.667 1.213 0.135 3.009 0.105 5.531 0.921 0.964 0.008 
hd107990 4896 38 -0.07 0.03 0.700 0.521 1.392 0.446 1.956 0.235 2.723 0.103 9.758 1.413 0.978 0.016 
hd108189 5444 20 -0.01 0.01 1.780 0.222 1.639 0.265 1.793 0.098 3.377 0.066 4.409 0.468 0.798 0.006 
hd108863 4858 40 0.07 0.02 2.027 0.236 3.205 0.835 1.455 0.127 3.133 0.080 5.252 0.620 1.017 0.016 
hd109159 5244 25 -0.13 0.01 2.944 0.145 3.374 0.326 1.359 0.048 3.635 0.051 2.851 0.220 0.862 0.008 
hd109218 5294 18 -0.10 0.01 3.219 0.138 4.163 0.630 1.272 0.057 3.730 0.030 2.471 0.139 0.846 0.006 
hd109929 6196 35 0.40 0.01 3.197 0.095 2.131 0.521 1.417 0.025 4.085 0.033 1.732 0.081 0.604 0.009 
hd112115 4726 72 0.10 0.04 0.586 0.564 2.334 1.473 1.672 0.364 2.583 0.130 10.615 1.406 1.066 0.037 
hd112973 4954 35 -0.31 0.02 2.258 0.190 5.342 1.483 1.154 0.091 3.131 0.067 4.690 0.417 0.957 0.013 
hd112988 4887 25 -0.30 0.01 2.232 0.209 7.240 1.863 1.064 0.076 3.048 0.063 4.953 0.464 0.982 0.009 
hd114161 4870 29 0.11 0.02 1.745 0.324 1.535 0.470 1.910 0.210 2.910 0.130 7.781 1.560 1.006 0.009 
hd114659 4790 40 0.03 0.02 1.730 0.426 3.683 1.755 1.397 0.218 2.977 0.179 6.154 1.668 1.036 0.017 
hd116029 4817 33 0.11 0.03 2.426 0.174 4.387 0.854 1.321 0.080 3.197 0.062 4.648 0.374 1.033 0.012 
hd117623 4989 31 -0.04 0.02 0.519 0.232 0.902 0.211 2.277 0.169 2.763 0.059 10.052 0.964 0.955 0.007 
hd117762 5173 21 -0.33 0.01 2.086 0.220 2.299 0.376 1.495 0.087 3.303 0.070 4.373 0.473 0.881 0.007 
hd118082 4866 29 0.08 0.02 2.245 0.225 3.501 0.719 1.413 0.098 3.217 0.073 4.696 0.505 1.011 0.012 
hd118744 4836 20 -0.05 0.02 1.569 0.283 2.805 0.870 1.492 0.160 2.953 0.128 6.539 1.275 1.011 0.008 
hd120531 4964 26 -0.21 0.02 2.430 0.178 4.453 0.893 1.239 0.073 3.240 0.059 4.281 0.342 0.957 0.010 
hd122253 5067 25 -0.05 0.01 2.775 0.123 3.034 0.196 1.443 0.040 3.488 0.046 3.467 0.221 0.925 0.009 
hd123239 4831 29 -0.18 0.02 1.966 0.350 5.699 2.022 1.170 0.119 3.000 0.090 5.488 0.769 1.008 0.011 
hd124641 4682 26 -0.19 0.02 1.911 0.279 8.592 2.236 1.044 0.077 2.734 0.067 7.042 0.705 1.066 0.011 
hd125217 4898 43 0.15 0.03 2.251 0.329 3.228 0.997 1.469 0.153 3.290 0.112 4.404 0.740 1.006 0.018 
hd125390 4936 33 -0.07 0.02 1.772 0.346 2.027 0.896 1.673 0.269 3.020 0.170 6.410 1.739 0.969 0.013 
hd125607 5011 22 0.02 0.02 2.481 0.251 2.819 0.465 1.503 0.088 3.404 0.080 3.902 0.466 0.946 0.009 
hd126991 5160 25 -0.59 0.02 2.918 0.155 7.622 1.422 0.989 0.053 3.410 0.052 3.147 0.229 0.881 0.008 
hd127374 4897 28 -0.23 0.02 2.524 0.298 7.296 2.112 1.077 0.087 3.181 0.087 4.276 0.539 0.981 0.010 
hd128095 4991 26 -0.06 0.02 2.753 0.215 3.826 0.601 1.327 0.067 3.445 0.066 3.502 0.321 0.955 0.010 
hd128720 5111 31 0.17 0.02 2.710 0.367 3.288 1.053 1.460 0.154 3.610 0.122 3.037 0.587 0.917 0.011 
hd131496 4798 43 0.11 0.02 2.599 0.186 5.421 1.400 1.243 0.091 3.219 0.073 4.393 0.389 1.040 0.016 
hd136418 4987 40 -0.08 0.02 2.925 0.124 4.367 0.790 1.272 0.066 3.444 0.055 3.430 0.214 0.958 0.013 
hd136513 4859 26 -0.24 0.01 2.099 0.314 6.347 2.113 1.119 0.105 3.024 0.081 5.222 0.673 0.995 0.010 
hd140025 5553 15 0.17 0.01 2.906 0.144 3.415 2.929 1.389 0.081 3.750 0.049 2.518 0.178 0.774 0.004 
hd141712 5151 35 0.08 0.02 2.123 0.255 1.861 0.355 1.744 0.112 3.386 0.075 4.294 0.508 0.898 0.012 
hd142091 4867 29 0.15 0.02 2.382 0.014 3.044 0.291 1.502 0.050 3.230 0.030 4.775 0.111 1.012 0.012 
hd142245 4841 49 0.13 0.04 2.260 0.147 3.671 0.826 1.403 0.105 3.152 0.066 5.047 0.375 1.032 0.019 
hd144363 4985 29 -0.07 0.02 2.495 0.304 3.739 0.770 1.338 0.090 3.396 0.089 3.720 0.475 0.957 0.011 
hd145428 4766 25 -0.30 0.01 2.164 0.231 9.730 1.594 0.982 0.046 2.840 0.058 6.048 0.474 1.024 0.009 
hd146278 4839 33 -0.05 0.02 1.899 0.204 3.626 0.800 1.367 0.096 3.035 0.066 5.698 0.525 1.014 0.012 
hd150331 5708 25 -0.18 0.02 1.151 0.079 1.193 0.065 1.933 0.039 3.222 0.025 5.459 0.199 0.717 0.007 
hd152581 5128 15 -0.28 0.01 2.012 0.386 2.672 0.875 1.432 0.166 3.348 0.150 4.066 0.936 0.897 0.005 
hd152733 4896 36 0.07 0.03 2.306 0.154 3.231 0.575 1.448 0.090 3.223 0.057 4.719 0.355 1.000 0.015 
hd155413 5819 29 0.23 0.02 2.717 0.122 3.000 0.926 1.497 0.048 3.814 0.034 2.432 0.121 0.695 0.006 
hd158038 4967 65 0.29 0.03 2.394 0.166 2.274 0.396 1.672 0.092 3.347 0.069 4.399 0.383 0.985 0.028 
hd158449 5050 22 -0.21 0.02 2.035 0.279 2.723 0.653 1.448 0.123 3.258 0.099 4.537 0.689 0.926 0.008 
hd160215 4933 36 0.00 0.02 2.950 0.143 4.713 0.901 1.270 0.069 3.430 0.058 3.484 0.242 0.981 0.013 
hd163528 4993 26 0.01 0.02 1.991 0.232 2.076 0.401 1.665 0.108 3.234 0.072 5.004 0.556 0.952 0.010 
hd166494 5757 30 0.26 0.02 2.389 0.112 2.162 2.986 1.558 0.118 3.669 0.059 2.926 0.197 0.715 0.010 
hd167042 4953 25 0.07 0.01 2.472 0.028 2.809 0.182 1.524 0.036 3.320 0.024 4.335 0.102 0.971 0.010 
hd171264 5246 15 -0.02 0.01 2.712 0.195 2.895 0.386 1.475 0.073 3.594 0.063 3.095 0.300 0.863 0.005 
hd175541 5077 25 -0.08 0.01 2.493 0.262 2.827 0.516 1.469 0.096 3.439 0.093 3.708 0.511 0.920 0.009 
hd178251 4791 32 -0.62 0.03 2.122 0.312 10.131 1.455 0.918 0.038 2.604 0.070 7.663 0.671 0.998 0.011 
hd180053 5150 33 0.16 0.02 2.436 0.148 2.170 0.248 1.677 0.064 3.461 0.046 3.864 0.276 0.902 0.011 
hd180902 5021 33 0.02 0.02 2.588 0.204 2.924 0.404 1.484 0.074 3.424 0.068 3.792 0.370 0.945 0.013 
hd181342 4947 47 0.21 0.02 2.338 0.146 2.333 0.360 1.651 0.083 3.309 0.057 4.569 0.337 0.985 0.020 
hd183473 5609 25 -0.08 0.01 2.692 0.121 3.170 0.462 1.385 0.036 3.675 0.042 2.755 0.163 0.749 0.007 
hd185269 5977 35 0.13 0.02 3.172 0.061 3.605 0.911 1.338 0.048 3.969 0.028 1.924 0.065 0.656 0.009 
hd185351 5067 29 0.12 0.02 2.121 0.019 1.700 0.048 1.804 0.021 3.312 0.020 4.767 0.100 0.929 0.010 
hd187460 4695 65 -0.16 0.04 2.114 0.345 7.914 2.492 1.075 0.096 2.856 0.130 6.207 0.988 1.050 0.024 
hd188386 4984 26 -0.01 0.02 2.396 0.324 3.222 0.698 1.428 0.106 3.393 0.097 3.855 0.558 0.958 0.010 
hd192153 5188 18 -0.23 0.01 3.064 0.226 4.211 0.902 1.240 0.078 3.634 0.049 2.720 0.235 0.879 0.006 
hd192699 5168 25 -0.16 0.01 2.369 0.081 2.294 0.151 1.554 0.037 3.393 0.029 4.022 0.169 0.887 0.009 
hd193342 4925 40 0.05 0.02 1.862 0.175 2.080 0.405 1.675 0.110 3.124 0.063 5.694 0.498 0.984 0.016 
hd193391 5045 40 0.13 0.02 2.633 0.329 2.998 0.760 1.497 0.131 3.516 0.114 3.426 0.593 0.941 0.015 
hd194541 4776 38 0.10 0.03 2.199 0.143 4.328 0.889 1.328 0.085 3.074 0.058 5.370 0.374 1.049 0.014 
hd195787 5003 36 -0.12 0.02 2.241 0.200 3.079 0.588 1.420 0.094 3.264 0.069 4.457 0.434 0.951 0.014 
hd195824 5116 20 -0.07 0.02 2.687 0.264 3.112 0.619 1.421 0.102 3.540 0.096 3.245 0.471 0.907 0.007 
hd196645 5085 15 -0.10 0.01 2.934 0.157 3.493 0.353 1.355 0.052 3.561 0.050 3.091 0.231 0.917 0.005 
hd197162 4894 39 -0.37 0.02 2.050 0.203 7.039 2.071 1.058 0.088 2.974 0.071 5.378 0.505 0.976 0.014 
hd198599 5004 49 0.00 0.04 -0.907 0.924 0.838 0.295 2.345 0.282 2.727 0.114 10.641 1.977 0.964 0.011 
hd200081 4983 40 -0.05 0.02 0.938 0.359 1.143 0.264 2.088 0.160 2.820 0.061 9.022 0.873 0.957 0.008 
hd200491 5124 36 0.02 0.02 1.786 0.252 1.488 0.280 1.864 0.121 3.265 0.075 5.107 0.600 0.906 0.012 
hd200964 5000 29 -0.20 0.02 2.201 0.081 3.188 0.370 1.377 0.057 3.195 0.038 4.754 0.204 0.948 0.011 
hd202696 4854 47 0.07 0.03 2.606 0.286 5.068 1.422 1.258 0.101 3.293 0.097 4.059 0.506 1.018 0.017 
hd202867 5128 18 -0.08 0.01 2.661 0.258 3.020 0.593 1.433 0.100 3.531 0.095 3.293 0.477 0.902 0.006 
hd203471 5472 29 0.00 0.02 2.418 0.320 2.996 0.835 1.456 0.120 3.639 0.102 2.928 0.461 0.791 0.009 
hd205163 5033 38 0.13 0.02 1.410 0.524 1.540 0.597 1.874 0.246 3.240 0.150 5.266 1.244 0.943 0.014 
hd206610 4806 39 0.11 0.03 1.915 0.400 3.262 1.708 1.469 0.264 3.064 0.172 5.709 1.585 1.034 0.017 
hd206635 5004 15 -0.22 0.01 2.912 0.206 5.439 1.071 1.164 0.064 3.416 0.060 3.391 0.311 0.941 0.006 
hd207077 5108 21 -0.42 0.02 2.604 0.275 4.679 1.195 1.168 0.086 3.362 0.074 3.612 0.412 0.900 0.007 
hd208585 5053 31 -0.02 0.02 2.192 0.290 2.328 0.506 1.593 0.119 3.352 0.095 4.270 0.615 0.930 0.011 
hd210011 5165 38 0.14 0.02 0.537 0.199 0.599 0.074 2.596 0.114 2.913 0.062 9.060 0.855 0.892 0.013 
hd210521 5085 25 -0.07 0.01 2.029 0.247 1.953 0.362 1.672 0.105 3.293 0.072 4.681 0.527 0.916 0.008 
hd210702 4984 33 0.06 0.03 2.237 0.046 2.251 0.204 1.633 0.053 3.271 0.032 4.746 0.152 0.960 0.013 
hd212771 5089 26 -0.09 0.02 2.016 0.228 1.945 0.342 1.667 0.100 3.282 0.068 4.733 0.496 0.914 0.009 
hd213278 5203 21 -0.24 0.01 2.439 0.303 2.902 0.692 1.402 0.118 3.500 0.105 3.377 0.549 0.874 0.007 
hd215049 5187 25 0.03 0.01 3.027 0.217 3.623 0.660 1.369 0.087 3.681 0.071 2.711 0.303 0.885 0.008 
hd215549 4896 28 -0.30 0.01 2.507 0.078 8.843 1.421 1.006 0.045 3.127 0.040 4.398 0.184 0.978 0.010 
hd215908 5106 14 -0.28 0.01 2.014 0.250 2.413 0.466 1.485 0.102 3.262 0.083 4.575 0.589 0.904 0.005 
hd216834 5133 25 -0.29 0.01 2.056 0.339 2.673 0.733 1.429 0.139 3.337 0.125 4.113 0.780 0.897 0.008 
hd217496 5058 21 -0.07 0.01 2.576 0.263 3.071 0.548 1.429 0.094 3.468 0.095 3.536 0.493 0.927 0.007 
hd217591 5093 28 -0.14 0.02 2.401 0.202 2.681 0.402 1.480 0.079 3.380 0.067 3.985 0.394 0.913 0.010 
hd217681 4944 43 0.13 0.02 2.581 0.243 3.336 0.703 1.447 0.105 3.387 0.083 3.907 0.464 0.987 0.019 
hd219553 4893 57 0.24 0.03 2.536 0.178 3.300 0.740 1.481 0.109 3.316 0.074 4.291 0.380 1.020 0.025 
hd220122 4934 32 -0.23 0.01 1.282 0.779 3.052 1.912 1.421 0.299 2.925 0.284 6.591 2.799 0.967 0.012 
hd220952 4972 32 0.01 0.02 2.366 0.141 2.792 0.350 1.508 0.067 3.301 0.051 4.406 0.302 0.964 0.013 
hd221504 5380 36 0.30 0.02 3.190 0.155 3.981 2.906 1.344 0.078 3.793 0.053 2.364 0.184 0.830 0.011 
hd222112 4839 65 0.20 0.04 2.316 0.422 4.496 1.805 1.336 0.171 3.265 0.152 4.321 0.927 1.042 0.024 
hd223627 4865 47 0.05 0.02 2.208 0.331 4.140 1.260 1.336 0.127 3.215 0.107 4.578 0.689 1.015 0.017 
hd224679 5689 25 0.07 0.01 1.748 0.374 2.178 0.812 1.643 0.156 3.506 0.122 3.630 0.675 0.728 0.007 
hd225021 5024 33 0.23 0.02 1.920 0.243 1.542 0.288 1.895 0.118 3.276 0.072 5.079 0.573 0.950 0.012 
hd236427 5145 14 0.02 0.01 3.062 0.178 3.518 0.486 1.381 0.069 3.653 0.060 2.811 0.262 0.899 0.005 
hip43212 4933 25 0.06 0.02 1.268 0.669 1.123 0.389 2.128 0.259 2.836 0.138 8.937 1.923 0.983 0.007 
hip87123 4839 32 -0.17 0.02 2.612 0.190 8.570 1.820 1.045 0.062 3.154 0.068 4.341 0.375 1.004 0.011 
